This is pdfTeX, Version 3.1415926-2.5-1.40.14 (TeX Live 2013) (format=latex 2014.6.7)  20 FEB 2015 12:38
entering extended mode
 restricted \write18 enabled.
 %&-line parsing enabled.
**tmp1.tex
(./tmp1.tex
LaTeX2e <2011/06/27>
Babel <3.9f> and hyphenation patterns for 78 languages loaded.
(/usr/local/texlive/2013/texmf-dist/tex/latex/base/article.cls
Document Class: article 2007/10/19 v1.4h Standard LaTeX document class
(/usr/local/texlive/2013/texmf-dist/tex/latex/base/size10.clo
File: size10.clo 2007/10/19 v1.4h Standard LaTeX file (size option)
)
\c@part=\count79
\c@section=\count80
\c@subsection=\count81
\c@subsubsection=\count82
\c@paragraph=\count83
\c@subparagraph=\count84
\c@figure=\count85
\c@table=\count86
\abovecaptionskip=\skip41
\belowcaptionskip=\skip42
\bibindent=\dimen102
)
(/usr/local/texlive/2013/texmf-dist/tex/latex/kantex/kanlel.sty
Package: kanlel 
)
(/usr/local/texlive/2013/texmf-dist/tex/latex/preview/preview.sty
Package: preview 2010/02/14 11.86 (AUCTeX/preview-latex)
\pr@snippet=\count87
\pr@box=\box26
\pr@output=\toks14
) (./tmp1.aux)
\openout1 = `tmp1.aux'.

LaTeX Font Info:    Checking defaults for OML/cmm/m/it on input line 1.
LaTeX Font Info:    ... okay on input line 1.
LaTeX Font Info:    Checking defaults for T1/cmr/m/n on input line 1.
LaTeX Font Info:    ... okay on input line 1.
LaTeX Font Info:    Checking defaults for OT1/cmr/m/n on input line 1.
LaTeX Font Info:    ... okay on input line 1.
LaTeX Font Info:    Checking defaults for OMS/cmsy/m/n on input line 1.
LaTeX Font Info:    ... okay on input line 1.
LaTeX Font Info:    Checking defaults for OMX/cmex/m/n on input line 1.
LaTeX Font Info:    ... okay on input line 1.
LaTeX Font Info:    Checking defaults for U/cmr/m/n on input line 1.
LaTeX Font Info:    ... okay on input line 1.
LaTeX Font Info:    Try loading font information for OT1+lel on input line 1.
(/usr/local/texlive/2013/texmf-dist/tex/latex/kantex/ot1lel.fd
File: ot1lel.fd 
)
Preview: Fontsize 10pt
[1] (./tmp1.aux) ) 
Here is how much of TeX's memory you used:
 354 strings out of 493316
 4163 string characters out of 6137937
 53103 words of memory out of 5000000
 3878 multiletter control sequences out of 15000+600000
 5740 words of font info for 16 fonts, out of 8000000 for 9000
 957 hyphenation exceptions out of 8191
 23i,1n,19p,291b,94s stack positions out of 5000i,500n,10000p,200000b,80000s

Output written on tmp1.dvi (1 page, 208 bytes).
